Compiling file overdrive-dome.mnd
  1446 instructions before optimizations.
    43 instructions eliminated by Temp Variables Elimination.
   259 instructions eliminated by Dead Code Elimination (2 passes, 7 iterations).
     4 instructions eliminated by Jump Normalization (2 passes, 5 iterations).
    71 instructions eliminated by Jump Optimization (2 passes, 5 iterations).
    96 instructions eliminated by Single Step Elimination (3 passes, 8 iterations).
     2 instructions eliminated by If Expression Optimization (4 iterations).
    86 instructions eliminated by Data Flow Optimization (4 passes, 18 iterations).
     2 instructions added by Loop Optimization (4 iterations).
     3 loops improved by Loop Optimization.
   158 instructions added by Loop Unrolling (8 iterations).
     2 loops unrolled by Loop Unrolling.
    21 instructions eliminated by Jump Straightening (5 iterations).
    24 instructions updated by JumpThreading.
    19 instructions eliminated by Unreachable Code Elimination.
    56 instructions eliminated by Print Merging.
   949 instructions after optimizations.

Pass 1: speed optimization selection (cost limit 184):
    Replicate loop condition at line 54:5                        cost     1, benefit       25.0, efficiency       25.0
    Replicate loop condition at line 119:5                       cost     1, benefit       25.0, efficiency       25.0
  * Unroll iteration loop at line 169:9                          cost     5, benefit      375.0, efficiency       75.0 (+3 instructions)
  ! Unroll iteration loop at line 201:9                          cost   213, benefit      375.0, efficiency        1.8

Pass 1: speed optimization selection (cost limit 181):
  * Replicate loop condition at line 54:5                        cost     1, benefit       25.0, efficiency       25.0 (+1 instructions)
    Replicate loop condition at line 119:5                       cost     1, benefit       25.0, efficiency       25.0
  ! Unroll iteration loop at line 201:9                          cost   213, benefit      375.0, efficiency        1.8

Pass 1: speed optimization selection (cost limit 180):
  * Replicate loop condition at line 119:5                       cost     1, benefit       25.0, efficiency       25.0 (+1 instructions)
  ! Unroll iteration loop at line 201:9                          cost   213, benefit      375.0, efficiency        1.8

Pass 1: speed optimization selection (cost limit 179):
  ! Unroll iteration loop at line 201:9                          cost   213, benefit      375.0, efficiency        1.8

Pass 2: speed optimization selection (cost limit 198):
  * Unroll iteration loop at line 201:9                          cost   197, benefit      375.0, efficiency        1.9 (+147 instructions)

Performance: parsed in 231 ms, compiled in 124 ms, optimized in 1,491 ms.
Created schematic 'Instant Overdrive Dome' with dimensions ( 3,  4).

Created schematic was copied to the clipboard.
