Compiling embedded code
    38 instructions before optimizations.
     3 instructions eliminated by Dead Code Elimination (5 iterations).
     1 instructions eliminated by Jump Normalization (4 iterations).
     1 instructions eliminated by Single Step Elimination (5 iterations).
     1 instructions updated by JumpThreading.
     1 instructions eliminated by Unreachable Code Elimination (2 iterations).
    32 instructions after optimizations.

Performance: parsed in 114 ms, compiled in 130 ms, optimized in 80 ms.
Compiling embedded code
    28 instructions before optimizations.
     1 instructions eliminated by Temp Variables Elimination.
     2 instructions eliminated by Dead Code Elimination (4 iterations).
     1 instructions eliminated by Jump Optimization (4 iterations).
     1 instructions eliminated by Single Step Elimination (5 iterations).
   152 instructions eliminated by Data Flow Optimization (2 passes, 7 iterations).
     1 instructions eliminated by Loop Optimization (2 iterations).
     2 loops improved by Loop Optimization.
   744 instructions added by Loop Unrolling (3 iterations).
     1 loops unrolled by Loop Unrolling.
     2 instructions eliminated by Unreachable Code Elimination (2 iterations).
   612 instructions after optimizations.

Pass 1: speed optimization selection (cost limit 979):
  * Unroll loop at line 13:9                                     cost   593, benefit   187500.0, efficiency      316.2 (+593 instructions)

Performance: parsed in 6 ms, compiled in 30 ms, optimized in 230 ms.
Created schematic 'Clear Area' with dimensions ( 5,  1).

Created schematic was copied to the clipboard.
