Compiling file regulator.mnd
   346 instructions before optimizations.
    20 instructions eliminated by Temp Variables Elimination (6 iterations).
     1 instructions eliminated by Case Expression Optimization.
    47 instructions eliminated by Dead Code Elimination (5 iterations).
     1 instructions eliminated by Jump Normalization (5 iterations).
    14 instructions eliminated by Jump Optimization (5 iterations).
    20 instructions eliminated by Single Step Elimination (3 passes, 8 iterations).
     1 instructions modified by Expression Optimization (3 iterations).
     3 instructions eliminated by If Expression Optimization (3 iterations).
     9 instructions eliminated by Data Flow Optimization (3 passes, 10 iterations).
     1 instructions added by Loop Optimization (3 iterations).
     3 loops improved by Loop Optimization.
   131 instructions added by Case Switching (5 iterations).
     1 case expressions converted to switched jumps Case Switching.
     7 instructions eliminated by Jump Straightening (5 iterations).
     3 instructions updated by Jump Threading.
    25 instructions eliminated by Print Merging.
   331 instructions after optimizations.

Pass 1: speed optimization selection (cost limit 771):
  * Replicate loop condition at line 36:5                        size    +1, benefit       25.0, efficiency     25.000 (+1 instructions)
  o Convert case at line 97:13 (segments: 15)                    size    +0, benefit     2013.9, efficiency   Infinity
  o Convert case at line 97:13 (segments: 6)                     size    +1, benefit     2118.1, efficiency   2118.056
  o Convert case at line 97:13 (segments: 4)                     size   +20, benefit     2152.8, efficiency    107.639
  o Convert case at line 97:13 (segments: 6)                     size   +21, benefit     2256.9, efficiency    107.474
  o Convert case at line 97:13 (segments: 2)                     size   +38, benefit     2326.4, efficiency     61.221
  o Convert case at line 97:13 (segments: 5)                     size   +39, benefit     2361.1, efficiency     60.541
  o Convert case at line 97:13 (segments: 4, padded low)         size   +67, benefit     2395.8, efficiency     35.759
  o Convert case at line 97:13 (segments: 6, padded low)         size   +68, benefit     2500.0, efficiency     36.765
  o Convert case at line 97:13 (segments: 3)                     size   +80, benefit     2812.5, efficiency     35.156
  o Convert case at line 97:13 (segments: 1)                     size   +84, benefit     2847.2, efficiency     33.896
  o Convert case at line 97:13 (segments: 5, padded low)         size   +86, benefit     2881.9, efficiency     33.511
  o Convert case at line 97:13 (segments: 3, padded low)         size  +127, benefit     3333.3, efficiency     26.247
  o Convert case at line 97:13 (segments: 1, padded low)         size  +131, benefit     3472.2, efficiency     26.506

Pass 1: speed optimization selection (cost limit 770):
  o Convert case at line 97:13 (segments: 15)                    size    +0, benefit     2013.9, efficiency   Infinity
  o Convert case at line 97:13 (segments: 6)                     size    +1, benefit     2118.1, efficiency   2118.056
  o Convert case at line 97:13 (segments: 4)                     size   +20, benefit     2152.8, efficiency    107.639
  o Convert case at line 97:13 (segments: 6)                     size   +21, benefit     2256.9, efficiency    107.474
  o Convert case at line 97:13 (segments: 2)                     size   +38, benefit     2326.4, efficiency     61.221
  o Convert case at line 97:13 (segments: 5)                     size   +39, benefit     2361.1, efficiency     60.541
  o Convert case at line 97:13 (segments: 4, padded low)         size   +67, benefit     2395.8, efficiency     35.759
  o Convert case at line 97:13 (segments: 6, padded low)         size   +68, benefit     2500.0, efficiency     36.765
  o Convert case at line 97:13 (segments: 3)                     size   +80, benefit     2812.5, efficiency     35.156
  o Convert case at line 97:13 (segments: 1)                     size   +84, benefit     2847.2, efficiency     33.896
  o Convert case at line 97:13 (segments: 5, padded low)         size   +86, benefit     2881.9, efficiency     33.511
  o Convert case at line 97:13 (segments: 3, padded low)         size  +127, benefit     3333.3, efficiency     26.247
  * Convert case at line 97:13 (segments: 1, padded low)         size  +131, benefit     3472.2, efficiency     26.506 (+131 instructions)

Code size and number of instantiations by function:
  Size  Times  AvgSize  Function
   224     1x    224,0  inline void initialize()
    75     1x     75,0  <no function>
    20     3x      6,7  inline void setState(in newState)
    12     3x      4,0  inline void validate(in condition, in text)

Performance: parsed in 190 ms, compiled in 178 ms, optimized in 342 ms.
Created schematic 'Regulator' with dimensions ( 3,  1).

Created schematic was copied to the clipboard.
