Compiling file detector.mnd
   253 instructions before optimizations.
     2 instructions eliminated by Temp Variables Elimination (5 iterations).
     1 instructions eliminated by Case Expression Optimization.
    13 instructions eliminated by Dead Code Elimination (2 passes, 6 iterations).
     1 instructions eliminated by Jump Normalization (4 iterations).
     1 instructions eliminated by Jump Optimization (4 iterations).
     2 instructions eliminated by Single Step Elimination (5 iterations).
     1 instructions eliminated by If Expression Optimization (2 iterations).
     1 instructions modified by Data Flow Optimization (4 iterations).
     2 instructions added by Case Switching (3 iterations).
     1 case expressions converted to switched jumps Case Switching.
     7 instructions eliminated by Jump Straightening (4 iterations).
     9 instructions updated by Jump Threading.
     1 instructions eliminated by Unreachable Code Elimination (2 iterations).
    52 instructions eliminated by Print Merging.
   174 instructions after optimizations.

Pass 1: speed optimization selection (cost limit 774):
  o Convert case at line 9:9 (segments: 4)                       size    +1, benefit        5.4, efficiency      5.357
  * Convert case at line 9:9 (segments: 7)                       size    +2, benefit       10.7, efficiency      5.357 (+2 instructions)

Code size and number of instantiations by function:
  Size  Times  AvgSize  Function
   175     1x    175,0  <no function>

Performance: parsed in 138 ms, compiled in 161 ms, optimized in 234 ms.
Created schematic 'Detector' with dimensions ( 3,  1).

Created schematic was copied to the clipboard.
