Compiling file item-counter.mnd
   174 instructions before optimizations.
    20 instructions eliminated by Temp Variables Elimination.
     1 instructions eliminated by Case Expression Optimization.
    14 instructions eliminated by Dead Code Elimination (6 iterations).
    10 instructions eliminated by Jump Optimization (3 iterations).
     7 instructions eliminated by Single Step Elimination (2 passes, 5 iterations).
     1 instructions eliminated by Expression Optimization (2 iterations).
    16 instructions eliminated by Data Flow Optimization (2 passes, 7 iterations).
     1 instructions added by Loop Optimization (2 iterations).
     4 loops improved by Loop Optimization.
     3 instructions eliminated by Jump Straightening (3 iterations).
     1 instructions updated by JumpThreading.
    16 instructions eliminated by Print Merging.
    87 instructions after optimizations.

Pass 1: speed optimization selection (cost limit 897):
  * Replicate loop condition at line 39:1                        cost     1, benefit       25.0, efficiency       25.0 (+1 instructions)

Performance: parsed in 108 ms, compiled in 112 ms, optimized in 175 ms.
Created schematic 'Item Counter' with dimensions ( 3,  2).

Created schematic was copied to the clipboard.
