Compiling embedded code
    22 instructions before optimizations.
     2 instructions eliminated by Temp Variables Elimination (5 iterations).
     2 instructions eliminated by Dead Code Elimination (4 iterations).
     2 instructions eliminated by Single Step Elimination (2 passes, 6 iterations).
     1 instructions updated by Jump Threading.
    16 instructions after optimizations.

Code size and number of instantiations by function:
  Size  Times  AvgSize  Function
    16     1x     16,0  <no function>

Performance: parsed in 80 ms, compiled in 173 ms, optimized in 69 ms.
Compiling embedded code
    42 instructions before optimizations.
     1 instructions eliminated by Temp Variables Elimination (5 iterations).
     8 instructions eliminated by Dead Code Elimination (6 iterations).
     2 instructions eliminated by Condition Optimization (5 iterations).
     3 instructions eliminated by Single Step Elimination (2 passes, 6 iterations).
     3 instructions updated by Jump Threading.
    28 instructions after optimizations.

Code size and number of instantiations by function:
  Size  Times  AvgSize  Function
    28     1x     28,0  <no function>

Performance: parsed in 21 ms, compiled in 10 ms, optimized in 18 ms.
Created schematic 'Payload Hub' with dimensions (10,  6).

Created schematic was copied to the clipboard.
