Compiling file remote-vault.mnd
    77 instructions before optimizations.
     3 instructions eliminated by Temp Variables Elimination (5 iterations).
     4 instructions eliminated by Dead Code Elimination (6 iterations).
     1 instructions eliminated by Jump Normalization (4 iterations).
     1 instructions eliminated by Jump Optimization (4 iterations).
     1 instructions eliminated by Single Step Elimination (5 iterations).
    11 instructions eliminated by Data Flow Optimization (2 passes, 7 iterations).
    25 instructions added by Loop Unrolling (3 iterations).
     1 loops unrolled by Loop Unrolling.
     1 instructions eliminated by Unreachable Code Elimination (2 iterations).
     7 instructions eliminated by Print Merging.
    73 instructions after optimizations.

Pass 1: speed optimization selection (cost limit 934):
  * Unroll iteration loop at line 16:9                           size   +11, benefit      975.0, efficiency     88.636 (+15 instructions)

Code size and number of instantiations by function:
  Size  Times  AvgSize  Function
    50    10x      5,0  inline def processUnit(in unit)
    24     1x     24,0  <no function>

Performance: parsed in 104 ms, compiled in 160 ms, optimized in 171 ms.
Created schematic 'Remote Vault' with dimensions ( 3,  4).

Created schematic was copied to the clipboard.
