Compiling file unit-transport-single.mnd
   593 instructions before optimizations.
    38 instructions eliminated by Temp Variables Elimination (2 passes, 6 iterations).
    78 instructions eliminated by Dead Code Elimination (8 iterations).
C:\Home\golem\unit-transport\unit-transport-single.mnd:186:1 Variable 'iter' is not used.
     6 instructions eliminated by Jump Normalization (2 passes, 6 iterations).
    53 instructions eliminated by Condition Optimization (7 iterations).
    33 instructions eliminated by Single Step Elimination (4 passes, 10 iterations).
     2 instructions eliminated by If Expression Optimization (3 iterations).
     2 instructions eliminated by Data Flow Optimization (3 passes, 13 iterations).
     5 instructions added by Loop Rotation (3 iterations).
       9 loop conditions were partially rotated.
     7 instructions eliminated by Jump Straightening (2 passes, 8 iterations).
     9 instructions updated by Jump Threading.
     3 instructions eliminated by Unreachable Code Elimination (3 iterations).
    34 instructions eliminated by Print Merging.
   342 instructions after optimizations.

Pass 1: speed optimization selection (cost limit 612):
  * Partial loop rotation at line 44:1                           size    +1, benefit       25.0, efficiency     25.000 (+1 instructions)
    Partial loop rotation at line 52:1                           size    +1, benefit       25.0, efficiency     25.000
    Partial loop rotation at line 112:9                          size    +1, benefit        6.3, efficiency      6.250
    Partial loop rotation at line 306:1                          size    +1, benefit       25.0, efficiency     25.000
    Partial loop rotation at line 316:5                          size    +1, benefit       12.5, efficiency     12.500

Pass 1: speed optimization selection (cost limit 611):
  * Partial loop rotation at line 52:1                           size    +1, benefit       25.0, efficiency     25.000 (+1 instructions)
    Partial loop rotation at line 112:9                          size    +1, benefit        6.3, efficiency      6.250
    Partial loop rotation at line 306:1                          size    +1, benefit       25.0, efficiency     25.000
    Partial loop rotation at line 316:5                          size    +1, benefit       12.5, efficiency     12.500

Pass 1: speed optimization selection (cost limit 610):
    Partial loop rotation at line 112:9                          size    +1, benefit        6.3, efficiency      6.250
  * Partial loop rotation at line 306:1                          size    +1, benefit       25.0, efficiency     25.000 (+0 instructions)
    Partial loop rotation at line 316:5                          size    +1, benefit       12.5, efficiency     12.500

Pass 1: speed optimization selection (cost limit 610):
    Partial loop rotation at line 112:9                          size    +1, benefit        6.3, efficiency      6.250
  * Partial loop rotation at line 316:5                          size    +1, benefit       12.5, efficiency     12.500 (+1 instructions)

Pass 1: speed optimization selection (cost limit 609):
  * Partial loop rotation at line 112:9                          size    +1, benefit        6.3, efficiency      6.250 (+1 instructions)
C:\Home\golem\unit-transport\unit-transport-single.mnd:96:49 Variable 'CORE_X' is not initialized.
C:\Home\golem\unit-transport\unit-transport-single.mnd:96:61 Variable 'CORE_Y' is not initialized.
C:\Home\golem\unit-transport\unit-transport-single.mnd:229:13 Variable 'MSG' is not initialized.

Code size and number of instantiations by function:
  Size  Times  AvgSize  Function
   298     1x    298,0  <no function>
    26     2x     13,0  inline void findUnit()
    18     1x     18,0  inline void rebindUnit()

Performance: parsed in 227 ms, compiled in 167 ms, optimized in 483 ms.
Created schematic 'Unit Transport - Single' with dimensions ( 2,  2).

Created schematic was copied to the clipboard.
