Compiling file unit-transport.mnd
  1258 instructions before optimizations.
   110 instructions eliminated by Temp Variables Elimination.
     3 instructions eliminated by Case Expression Optimization.
   141 instructions eliminated by Dead Code Elimination (6 iterations).
     5 instructions eliminated by Jump Normalization (5 iterations).
    62 instructions eliminated by Jump Optimization (5 iterations).
    59 instructions eliminated by Single Step Elimination (4 passes, 9 iterations).
     2 instructions eliminated by Expression Optimization (2 passes, 4 iterations).
     9 instructions eliminated by If Expression Optimization (2 passes, 4 iterations).
    44 instructions eliminated by Data Flow Optimization (3 passes, 16 iterations).
     1 loops improved by Loop Hoisting.
    11 instructions added by Loop Optimization (4 iterations).
    11 loops improved by Loop Optimization.
     3 instructions added by Case Switching (9 iterations).
     1 case expressions converted to switched jumps Case Switching.
    22 instructions eliminated by Jump Straightening (2 passes, 5 iterations).
     8 instructions updated by JumpThreading.
    21 instructions eliminated by Unreachable Code Elimination.
    56 instructions eliminated by Print Merging.
   738 instructions after optimizations.

Pass 1: speed optimization selection (cost limit 184):
  * Replicate loop condition at line 184:9                       cost     1, benefit      312.5, efficiency      312.5 (+1 instructions)
    Replicate loop condition at line 188:9                       cost     4, benefit      312.5, efficiency       78.1
    Replicate loop condition at line 197:13                      cost     5, benefit      156.3, efficiency       31.3
    Replicate loop condition at line 217:1                       cost     3, benefit       25.0, efficiency        8.3
    Convert case at line 732:5                                   cost     3, benefit       25.0, efficiency        8.3

Pass 1: speed optimization selection (cost limit 183):
  * Replicate loop condition at line 188:9                       cost     4, benefit      312.5, efficiency       78.1 (+4 instructions)
    Replicate loop condition at line 197:13                      cost     5, benefit      156.3, efficiency       31.3
    Replicate loop condition at line 217:1                       cost     3, benefit       25.0, efficiency        8.3
    Convert case at line 732:5                                   cost     3, benefit       25.0, efficiency        8.3

Pass 1: speed optimization selection (cost limit 179):
  * Replicate loop condition at line 197:13                      cost     5, benefit      156.3, efficiency       31.3 (+5 instructions)
    Replicate loop condition at line 217:1                       cost     3, benefit       25.0, efficiency        8.3
    Convert case at line 732:5                                   cost     3, benefit       25.0, efficiency        8.3

Pass 1: speed optimization selection (cost limit 174):
  * Replicate loop condition at line 217:1                       cost     3, benefit       25.0, efficiency        8.3 (+3 instructions)
    Convert case at line 732:5                                   cost     3, benefit       25.0, efficiency        8.3

Pass 1: speed optimization selection (cost limit 171):
  * Convert case at line 732:5                                   cost     3, benefit       25.0, efficiency        8.3 (+3 instructions)

Performance: parsed in 491 ms, compiled in 217 ms, optimized in 1,021 ms.
Created schematic 'Unit Transport' with dimensions ( 3,  3).

Created schematic was copied to the clipboard.
