Compiling file power-plant-reactor-control.mnd
   632 instructions before optimizations.
    56 instructions eliminated by Temp Variables Elimination.
     4 instructions eliminated by Case Expression Optimization.
    85 instructions eliminated by Dead Code Elimination (6 iterations).
     1 instructions eliminated by Jump Normalization (5 iterations).
    25 instructions eliminated by Jump Optimization (5 iterations).
    31 instructions eliminated by Single Step Elimination (3 passes, 8 iterations).
     1 instructions eliminated by Expression Optimization (4 iterations).
     1 instructions eliminated by If Expression Optimization (2 passes, 4 iterations).
     9 instructions eliminated by Data Flow Optimization (2 passes, 7 iterations).
     1 instructions eliminated by Loop Optimization (4 iterations).
     3 loops improved by Loop Optimization.
    11 instructions eliminated by Jump Straightening (5 iterations).
    10 instructions updated by JumpThreading.
     1 instructions eliminated by Unreachable Code Elimination.
    24 instructions eliminated by Print Merging.
   382 instructions after optimizations.

Performance: parsed in 247 ms, compiled in 112 ms, optimized in 388 ms.
Compiling file power-plant-transport.mnd
   464 instructions before optimizations.
    19 instructions eliminated by Temp Variables Elimination.
    78 instructions eliminated by Dead Code Elimination (6 iterations).
     7 instructions eliminated by Jump Normalization (2 passes, 4 iterations).
    20 instructions eliminated by Jump Optimization (4 iterations).
    34 instructions eliminated by Single Step Elimination (3 passes, 7 iterations).
    27 instructions eliminated by Data Flow Optimization (4 passes, 12 iterations).
     1 instructions added by Loop Optimization (3 iterations).
     1 loops improved by Loop Optimization.
    91 instructions added by Loop Unrolling (5 iterations).
     1 loops unrolled by Loop Unrolling.
     4 instructions eliminated by Jump Straightening (4 iterations).
    10 instructions updated by JumpThreading.
    18 instructions eliminated by Unreachable Code Elimination.
    26 instructions eliminated by Print Merging.
   323 instructions after optimizations.

Pass 1: speed optimization selection (cost limit 701):
  * Replicate loop condition at line 30:1                        cost     1, benefit       25.0, efficiency       25.0 (+1 instructions)
    Unroll iteration loop at line 93:9                           cost   117, benefit      375.0, efficiency        3.2

Pass 1: speed optimization selection (cost limit 700):
  * Unroll iteration loop at line 93:9                           cost   117, benefit      375.0, efficiency        3.2 (+87 instructions)

Performance: parsed in 52 ms, compiled in 24 ms, optimized in 209 ms.
Compiling file power-plant-battery-level.mnd
   133 instructions before optimizations.
    17 instructions eliminated by Temp Variables Elimination.
     2 instructions eliminated by Dead Code Elimination (3 iterations).
     1 instructions eliminated by Jump Normalization (3 iterations).
     1 instructions eliminated by Jump Optimization (3 iterations).
     1 instructions eliminated by Single Step Elimination (4 iterations).
   537 instructions eliminated by Data Flow Optimization (2 passes, 9 iterations).
     2 instructions added by Loop Optimization (2 iterations).
     2 loops improved by Loop Optimization.
  1021 instructions added by Loop Unrolling (4 iterations).
     1 loops unrolled by Loop Unrolling.
     1 instructions eliminated by Unreachable Code Elimination.
    14 instructions eliminated by Print Merging.
   582 instructions after optimizations.

Pass 1: speed optimization selection (cost limit 914):
  * Replicate loop condition at line 74:5                        cost     3, benefit      625.0, efficiency      208.3 (+3 instructions)
    Unroll loop at line 8:1                                      cost   508, benefit    25600.0, efficiency       50.4

Pass 1: speed optimization selection (cost limit 911):
  * Unroll loop at line 8:1                                      cost   508, benefit    25600.0, efficiency       50.4 (+508 instructions)

Performance: parsed in 12 ms, compiled in 2 ms, optimized in 124 ms.
Created schematic 'Impact Reactor Power Plant' with dimensions (16, 11).

Created schematic was copied to the clipboard.
