Compiling file power-plant-reactor-control.mnd
   630 instructions before optimizations.
    59 instructions eliminated by Temp Variables Elimination (7 iterations).
     4 instructions eliminated by Case Expression Optimization.
    85 instructions eliminated by Dead Code Elimination (7 iterations).
     1 instructions eliminated by Jump Normalization (6 iterations).
    25 instructions eliminated by Jump Optimization (6 iterations).
    31 instructions eliminated by Single Step Elimination (3 passes, 9 iterations).
     1 instructions eliminated by Expression Optimization (4 iterations).
     1 instructions eliminated by If Expression Optimization (2 passes, 4 iterations).
     6 instructions eliminated by Data Flow Optimization (2 passes, 9 iterations).
     1 instructions eliminated by Loop Optimization (4 iterations).
     3 loops improved by Loop Optimization.
   150 instructions added by Case Switching (6 iterations).
     2 case expressions converted to switched jumps Case Switching.
    11 instructions eliminated by Jump Straightening (6 iterations).
    10 instructions updated by Jump Threading.
     1 instructions eliminated by Unreachable Code Elimination (2 iterations).
    24 instructions eliminated by Print Merging.
   530 instructions after optimizations.

Pass 1: speed optimization selection (cost limit 591):
  o Convert case at line 122:9 (segments: 7)                     size    +1, benefit      125.0, efficiency    125.000
  o Convert case at line 122:9 (segments: 1)                     size   +39, benefit      375.0, efficiency      9.615
  o Convert case at line 122:9 (segments: 1, padded low)         size   +75, benefit     1000.0, efficiency     13.333
  o Convert case at line 420:9 (segments: 7)                     size    +0, benefit      125.0, efficiency   Infinity
  o Convert case at line 420:9 (segments: 2)                     size   +38, benefit      250.0, efficiency      6.579
  o Convert case at line 420:9 (segments: 1)                     size   +39, benefit      375.0, efficiency      9.615
  * Convert case at line 420:9 (segments: 1, padded low)         size   +75, benefit     1000.0, efficiency     13.333 (+74 instructions)

Pass 1: speed optimization selection (cost limit 517):
  o Convert case at line 122:9 (segments: 7)                     size    +1, benefit      125.0, efficiency    125.000
  o Convert case at line 122:9 (segments: 1)                     size   +39, benefit      375.0, efficiency      9.615
  * Convert case at line 122:9 (segments: 1, padded low)         size   +75, benefit     1000.0, efficiency     13.333 (+75 instructions)

Performance: parsed in 293 ms, compiled in 211 ms, optimized in 609 ms.
Compiling file power-plant-transport.mnd
   466 instructions before optimizations.
    20 instructions eliminated by Temp Variables Elimination (2 passes, 7 iterations).
    73 instructions eliminated by Dead Code Elimination (7 iterations).
     7 instructions eliminated by Jump Normalization (2 passes, 5 iterations).
    20 instructions eliminated by Jump Optimization (5 iterations).
    34 instructions eliminated by Single Step Elimination (3 passes, 8 iterations).
    31 instructions eliminated by Data Flow Optimization (4 passes, 12 iterations).
     1 instructions added by Loop Optimization (3 iterations).
     1 loops improved by Loop Optimization.
    91 instructions added by Loop Unrolling (5 iterations).
     1 loops unrolled by Loop Unrolling.
     4 instructions eliminated by Jump Straightening (5 iterations).
    10 instructions updated by Jump Threading.
    18 instructions eliminated by Unreachable Code Elimination (2 iterations).
    26 instructions eliminated by Print Merging.
   325 instructions after optimizations.

Pass 1: speed optimization selection (cost limit 697):
  * Replicate loop condition at line 30:1                        size    +1, benefit       25.0, efficiency     25.000 (+1 instructions)
    Unroll iteration loop at line 93:9                           size  +117, benefit      375.0, efficiency      3.205

Pass 1: speed optimization selection (cost limit 696):
  * Unroll iteration loop at line 93:9                           size  +117, benefit      375.0, efficiency      3.205 (+87 instructions)

Performance: parsed in 56 ms, compiled in 46 ms, optimized in 214 ms.
Compiling file power-plant-battery-level.mnd
   133 instructions before optimizations.
    28 instructions eliminated by Temp Variables Elimination (5 iterations).
     2 instructions eliminated by Dead Code Elimination (4 iterations).
     1 instructions eliminated by Jump Normalization (4 iterations).
     1 instructions eliminated by Jump Optimization (4 iterations).
     1 instructions eliminated by Single Step Elimination (5 iterations).
   526 instructions eliminated by Data Flow Optimization (2 passes, 8 iterations).
     2 instructions added by Loop Optimization (2 iterations).
     2 loops improved by Loop Optimization.
  1021 instructions added by Loop Unrolling (4 iterations).
     1 loops unrolled by Loop Unrolling.
     1 instructions eliminated by Unreachable Code Elimination (2 iterations).
    14 instructions eliminated by Print Merging.
   582 instructions after optimizations.

Pass 1: speed optimization selection (cost limit 914):
  * Replicate loop condition at line 74:5                        size    +3, benefit      625.0, efficiency    208.333 (+3 instructions)
    Unroll loop at line 8:1                                      size  +508, benefit    25600.0, efficiency     50.394

Pass 1: speed optimization selection (cost limit 911):
  * Unroll loop at line 8:1                                      size  +508, benefit    25600.0, efficiency     50.394 (+508 instructions)

Performance: parsed in 24 ms, compiled in 3 ms, optimized in 87 ms.
Created schematic 'Impact Reactor Power Plant' with dimensions (16, 11).

Created schematic was copied to the clipboard.
