Compiling file item-counter.mnd
   436 instructions before optimizations.
     9 instructions eliminated by Temp Variables Elimination.
     1 instructions eliminated by Case Expression Optimization.
    18 instructions eliminated by Dead Code Elimination (5 iterations).
     1 instructions eliminated by Jump Normalization (5 iterations).
     8 instructions eliminated by Jump Optimization (5 iterations).
     5 instructions eliminated by Single Step Elimination (6 iterations).
   385 instructions eliminated by Expression Optimization (2 passes, 4 iterations).
   185 instructions eliminated by Data Flow Optimization (4 passes, 17 iterations).
     1 instructions eliminated by Loop Optimization (4 iterations).
     4 loops improved by Loop Optimization.
   566 instructions added by Loop Unrolling (8 iterations).
     3 loops unrolled by Loop Unrolling.
     2 instructions eliminated by Jump Straightening (5 iterations).
     4 instructions updated by JumpThreading.
     2 instructions eliminated by Unreachable Code Elimination.
    21 instructions eliminated by Print Merging.
   204 instructions after optimizations.

Pass 1: speed optimization selection (cost limit 634):
    Replicate loop condition at line 68:5                        cost     1, benefit       25.0, efficiency       25.0
  * Unroll iteration loop at line 30:9                           cost     0, benefit     1975.0, efficiency   Infinity (-32 instructions)
    Unroll loop at line 70:9                                     cost    90, benefit    20000.0, efficiency      222.2
    Unroll loop at line 83:9                                     cost    90, benefit    20000.0, efficiency      222.2

Pass 1: speed optimization selection (cost limit 666):
    Replicate loop condition at line 68:5                        cost     1, benefit       25.0, efficiency       25.0
  * Unroll loop at line 70:9                                     cost    90, benefit    20000.0, efficiency      222.2 (+282 instructions)
    Unroll loop at line 83:9                                     cost    90, benefit    20000.0, efficiency      222.2

Pass 1: speed optimization selection (cost limit 384):
    Replicate loop condition at line 68:5                        cost     1, benefit       25.0, efficiency       25.0
  * Unroll loop at line 83:9                                     cost    90, benefit    20000.0, efficiency      222.2 (+282 instructions)

Pass 1: speed optimization selection (cost limit 102):
  * Replicate loop condition at line 68:5                        cost     1, benefit       25.0, efficiency       25.0 (+1 instructions)

Performance: parsed in 145 ms, compiled in 135 ms, optimized in 363 ms.
Created schematic 'Item Counter' with dimensions ( 3,  2).

Created schematic was copied to the clipboard.
