Compiling file item-counter.mnd
   445 instructions before optimizations.
    11 instructions eliminated by Temp Variables Elimination.
     1 instructions eliminated by Case Expression Optimization.
    18 instructions eliminated by Dead Code Elimination (5 iterations).
     1 instructions eliminated by Jump Normalization (5 iterations).
     9 instructions eliminated by Jump Optimization (5 iterations).
     7 instructions eliminated by Single Step Elimination (3 passes, 8 iterations).
   385 instructions eliminated by Expression Optimization (2 passes, 4 iterations).
     1 instructions modified by If Expression Optimization (4 iterations).
   186 instructions eliminated by Data Flow Optimization (4 passes, 16 iterations).
     2 instructions eliminated by Loop Optimization (4 iterations).
     3 loops improved by Loop Optimization.
   566 instructions added by Loop Unrolling (7 iterations).
     3 loops unrolled by Loop Unrolling.
     2 instructions eliminated by Jump Straightening (5 iterations).
     3 instructions updated by JumpThreading.
     1 instructions eliminated by Unreachable Code Elimination.
    21 instructions eliminated by Print Merging.
   207 instructions after optimizations.

Pass 1: speed optimization selection (cost limit 629):
  * Unroll iteration loop at line 32:9                           cost     0, benefit     1975.0, efficiency   Infinity (-32 instructions)
    Unroll loop at line 74:9                                     cost    90, benefit    20000.0, efficiency      222.2
    Unroll loop at line 87:9                                     cost    90, benefit    20000.0, efficiency      222.2

Pass 1: speed optimization selection (cost limit 661):
  * Unroll loop at line 74:9                                     cost    90, benefit    20000.0, efficiency      222.2 (+282 instructions)
    Unroll loop at line 87:9                                     cost    90, benefit    20000.0, efficiency      222.2

Pass 1: speed optimization selection (cost limit 379):
  * Unroll loop at line 87:9                                     cost    90, benefit    20000.0, efficiency      222.2 (+282 instructions)

Performance: parsed in 143 ms, compiled in 128 ms, optimized in 415 ms.
Created schematic 'Item Counter' with dimensions ( 3,  2).

Created schematic was copied to the clipboard.
