Compiling file item-rate-meter-micro.mnd
   256 instructions before optimizations.
    41 instructions eliminated by Temp Variables Elimination.
     2 instructions eliminated by Case Expression Optimization.
    28 instructions eliminated by Dead Code Elimination (5 iterations).
C:\Home\golem\measurements\item-rate-meter-micro.mnd:13:5 Variable 'minIndex' is not used.
    11 instructions eliminated by Jump Optimization (4 iterations).
     6 instructions eliminated by Single Step Elimination (2 passes, 6 iterations).
     1 instructions eliminated by Expression Optimization (3 iterations).
    10 instructions eliminated by Data Flow Optimization (3 passes, 9 iterations).
     3 instructions modified by Loop Optimization (3 iterations).
     3 loops improved by Loop Optimization.
    10 instructions added by Function Inlining (4 iterations).
     3 function calls inlined by Function Inlining.
     6 instructions eliminated by Jump Straightening (2 passes, 4 iterations).
     2 instructions updated by JumpThreading.
    14 instructions eliminated by Print Merging.
   147 instructions after optimizations.

Pass 1: speed optimization selection (cost limit 840):
  * Inline function 'memorySize' defined at item-rate-meter-init.mnd:84:1 cost    15, benefit        5.3, efficiency        0.4 (+4 instructions)
    Inline function call at item-rate-meter-init.mnd:53:23       cost     8, benefit        1.8, efficiency        0.2
    Inline function call at item-rate-meter-init.mnd:65:27       cost     8, benefit        1.8, efficiency        0.2
    Inline function call at item-rate-meter-init.mnd:66:29       cost     8, benefit        1.8, efficiency        0.2

Performance: parsed in 298 ms, compiled in 161 ms, optimized in 224 ms.
Created schematic 'Item Rate Meter Micro' with dimensions ( 2,  2).

Created schematic was copied to the clipboard.
