Compiling file item-rate-display.mnd
   206 instructions before optimizations.
    35 instructions eliminated by Temp Variables Elimination.
    16 instructions eliminated by Dead Code Elimination (3 iterations).
    12 instructions eliminated by Jump Optimization (4 iterations).
    11 instructions eliminated by Single Step Elimination (3 passes, 7 iterations).
     3 instructions modified by Expression Optimization (3 iterations).
   143 instructions eliminated by Data Flow Optimization (6 passes, 20 iterations).
     3 instructions eliminated by Loop Optimization (3 iterations).
     6 loops improved by Loop Optimization.
   680 instructions added by Loop Unrolling (8 iterations).
     4 loops unrolled by Loop Unrolling.
    12 instructions eliminated by Print Merging.
   654 instructions after optimizations.

Pass 1: speed optimization selection (cost limit 880):
    Replicate loop condition at line 32:1                        cost     1, benefit       25.0, efficiency       25.0
    Unroll loop at line 24:1                                     cost   137, benefit     1450.0, efficiency       10.6
  * Unroll loop at line 36:9                                     cost     0, benefit      625.0, efficiency   Infinity (-3 instructions)
    Unroll loop at line 55:5                                     cost     7, benefit     3750.0, efficiency      535.7
    Unroll loop at line 65:5                                     cost   473, benefit    36250.0, efficiency       76.6

Pass 1: speed optimization selection (cost limit 883):
    Replicate loop condition at line 32:1                        cost     1, benefit       25.0, efficiency       25.0
    Unroll loop at line 24:1                                     cost   137, benefit     1450.0, efficiency       10.6
  * Unroll loop at line 55:5                                     cost     7, benefit     3750.0, efficiency      535.7 (+6 instructions)
    Unroll loop at line 65:5                                     cost   473, benefit    36250.0, efficiency       76.6

Pass 1: speed optimization selection (cost limit 877):
    Replicate loop condition at line 32:1                        cost     1, benefit       25.0, efficiency       25.0
    Unroll loop at line 24:1                                     cost   137, benefit     1450.0, efficiency       10.6
  * Unroll loop at line 65:5                                     cost   473, benefit    36250.0, efficiency       76.6 (+411 instructions)

Pass 1: speed optimization selection (cost limit 466):
  * Replicate loop condition at line 32:1                        cost     1, benefit       25.0, efficiency       25.0 (+1 instructions)
    Unroll loop at line 24:1                                     cost   137, benefit     1450.0, efficiency       10.6

Pass 1: speed optimization selection (cost limit 465):
  * Unroll loop at line 24:1                                     cost   137, benefit     1450.0, efficiency       10.6 (+137 instructions)

Performance: parsed in 128 ms, compiled in 126 ms, optimized in 605 ms.
Created schematic 'Item Rate Display' with dimensions ( 3,  2).

Created schematic was copied to the clipboard.
