Compiling file item-counter-micro.mnd
   230 instructions before optimizations.
     8 instructions eliminated by Temp Variables Elimination.
     1 instructions eliminated by Case Expression Optimization.
    16 instructions eliminated by Dead Code Elimination (5 iterations).
     1 instructions eliminated by Jump Normalization (4 iterations).
     7 instructions eliminated by Jump Optimization (4 iterations).
     5 instructions eliminated by Single Step Elimination (2 passes, 6 iterations).
    97 instructions eliminated by Expression Optimization (2 passes, 3 iterations).
    53 instructions eliminated by Data Flow Optimization (4 passes, 16 iterations).
     1 instructions eliminated by Loop Optimization (3 iterations).
     4 loops improved by Loop Optimization.
   110 instructions added by Loop Unrolling (7 iterations).
     3 loops unrolled by Loop Unrolling.
     2 instructions eliminated by Jump Straightening (4 iterations).
     4 instructions updated by JumpThreading.
     2 instructions eliminated by Unreachable Code Elimination.
    21 instructions eliminated by Print Merging.
    86 instructions after optimizations.

Pass 1: speed optimization selection (cost limit 823):
    Replicate loop condition at line 67:5                        cost     1, benefit       25.0, efficiency       25.0
  * Unroll iteration loop at line 30:9                           cost     0, benefit      475.0, efficiency   Infinity (-8 instructions)
    Unroll loop at line 69:9                                     cost     6, benefit     5000.0, efficiency      833.3
    Unroll loop at line 82:9                                     cost     6, benefit     5000.0, efficiency      833.3

Pass 1: speed optimization selection (cost limit 831):
    Replicate loop condition at line 67:5                        cost     1, benefit       25.0, efficiency       25.0
  * Unroll loop at line 69:9                                     cost     6, benefit     5000.0, efficiency      833.3 (+54 instructions)
    Unroll loop at line 82:9                                     cost     6, benefit     5000.0, efficiency      833.3

Pass 1: speed optimization selection (cost limit 777):
    Replicate loop condition at line 67:5                        cost     1, benefit       25.0, efficiency       25.0
  * Unroll loop at line 82:9                                     cost     6, benefit     5000.0, efficiency      833.3 (+54 instructions)

Pass 1: speed optimization selection (cost limit 723):
  * Replicate loop condition at line 67:5                        cost     1, benefit       25.0, efficiency       25.0 (+1 instructions)

Performance: parsed in 148 ms, compiled in 148 ms, optimized in 234 ms.
Created schematic 'Item Counter Micro' with dimensions ( 2,  2).

Created schematic was copied to the clipboard.
