Compiling file mandelbrot-compute.mnd
   425 instructions before optimizations.
    47 instructions eliminated by Temp Variables Elimination.
     1 instructions eliminated by Case Expression Optimization.
    44 instructions eliminated by Dead Code Elimination (6 iterations).
     3 instructions eliminated by Jump Normalization (2 passes, 5 iterations).
    23 instructions eliminated by Jump Optimization (5 iterations).
    17 instructions eliminated by Single Step Elimination (2 passes, 7 iterations).
     2 instructions eliminated by Expression Optimization (2 passes, 3 iterations).
     1 instructions eliminated by If Expression Optimization (3 iterations).
    51 instructions eliminated by Data Flow Optimization (6 passes, 21 iterations).
     2 loops improved by Loop Hoisting.
     3 instructions eliminated by Loop Optimization (3 iterations).
     5 loops improved by Loop Optimization.
   742 instructions added by Loop Unrolling (9 iterations).
     4 loops unrolled by Loop Unrolling.
    11 instructions added by Function Inlining (9 iterations).
     4 function calls inlined by Function Inlining.
    68 instructions eliminated by Jump Straightening (2 passes, 5 iterations).
     6 instructions updated by JumpThreading.
     6 instructions eliminated by Unreachable Code Elimination (2 iterations).
     7 instructions eliminated by Print Merging.
   905 instructions after optimizations.

Pass 1: speed optimization selection (cost limit 750):
  * Unroll iteration loop at *blocks:59:9                        size   -15, benefit      375.0, efficiency   Infinity (-4 instructions)
    Unroll iteration loop at *blocks:68:13                       size    -7, benefit     9375.0, efficiency   Infinity
    Unroll iteration loop at *blocks:77:9                        size    -1, benefit      375.0, efficiency   Infinity
    Unroll loop at line 139:5                                    size  +679, benefit 24609375.0, efficiency  36243.557
    Inline function 'flushLocalBuffer' defined at line 214:1     size    +6, benefit    11793.8, efficiency   1965.625
    Inline function 'setState' defined at line 225:1             size   +13, benefit     2275.0, efficiency    175.000
    Inline function call at line 56:13                           size   +14, benefit     2187.5, efficiency    156.250
    Inline function call at line 64:9                            size   +14, benefit       87.5, efficiency      6.250
    Inline function call at line 110:9                           size    +7, benefit       75.0, efficiency     10.714
    Inline function call at line 196:9                           size    +7, benefit    11718.8, efficiency   1674.107

Pass 1: speed optimization selection (cost limit 754):
  * Unroll iteration loop at *blocks:68:13                       size    -7, benefit     9375.0, efficiency   Infinity (-5 instructions)
    Unroll iteration loop at *blocks:77:9                        size    -1, benefit      375.0, efficiency   Infinity
    Unroll loop at line 139:5                                    size  +679, benefit 24609375.0, efficiency  36243.557
    Inline function 'flushLocalBuffer' defined at line 214:1     size    +6, benefit    11793.8, efficiency   1965.625
    Inline function 'setState' defined at line 225:1             size   +13, benefit     2275.0, efficiency    175.000
    Inline function call at line 56:13                           size   +14, benefit     2187.5, efficiency    156.250
    Inline function call at line 64:9                            size   +14, benefit       87.5, efficiency      6.250
    Inline function call at line 110:9                           size    +7, benefit       75.0, efficiency     10.714
    Inline function call at line 196:9                           size    +7, benefit    11718.8, efficiency   1674.107

Pass 1: speed optimization selection (cost limit 759):
  * Unroll iteration loop at *blocks:77:9                        size    -1, benefit      375.0, efficiency   Infinity (-2 instructions)
    Unroll loop at line 139:5                                    size  +679, benefit 24609375.0, efficiency  36243.557
    Inline function 'flushLocalBuffer' defined at line 214:1     size    +6, benefit    11793.8, efficiency   1965.625
    Inline function 'setState' defined at line 225:1             size   +13, benefit     2275.0, efficiency    175.000
    Inline function call at line 56:13                           size   +14, benefit     2187.5, efficiency    156.250
    Inline function call at line 64:9                            size   +14, benefit       87.5, efficiency      6.250
    Inline function call at line 110:9                           size    +7, benefit       75.0, efficiency     10.714
    Inline function call at line 196:9                           size    +7, benefit    11718.8, efficiency   1674.107

Pass 1: speed optimization selection (cost limit 761):
  * Unroll loop at line 139:5                                    size  +679, benefit 24609375.0, efficiency  36243.557 (+743 instructions)
    Inline function 'flushLocalBuffer' defined at line 214:1     size    +6, benefit    11793.8, efficiency   1965.625
    Inline function 'setState' defined at line 225:1             size   +13, benefit     2275.0, efficiency    175.000
    Inline function call at line 56:13                           size   +14, benefit     2187.5, efficiency    156.250
    Inline function call at line 64:9                            size   +14, benefit       87.5, efficiency      6.250
    Inline function call at line 110:9                           size    +7, benefit       75.0, efficiency     10.714
    Inline function call at line 196:9                           size    +7, benefit    11718.8, efficiency   1674.107

Pass 1: speed optimization selection (cost limit 18):
  * Inline function 'flushLocalBuffer' defined at line 214:1     size    +6, benefit    11793.8, efficiency   1965.625 (+1 instructions)
    Inline function 'setState' defined at line 225:1             size   +13, benefit     2275.0, efficiency    175.000
    Inline function call at line 56:13                           size   +14, benefit     2187.5, efficiency    156.250
    Inline function call at line 64:9                            size   +14, benefit       87.5, efficiency      6.250
    Inline function call at line 110:9                           size    +7, benefit       75.0, efficiency     10.714
    Inline function call at line 196:9                           size    +7, benefit    11718.8, efficiency   1674.107

Pass 1: speed optimization selection (cost limit 17):
  * Inline function 'setState' defined at line 225:1             size   +13, benefit     2275.0, efficiency    175.000 (+7 instructions)
    Inline function call at line 56:13                           size   +14, benefit     2187.5, efficiency    156.250
    Inline function call at line 64:9                            size   +14, benefit       87.5, efficiency      6.250

Performance: parsed in 242 ms, compiled in 240 ms, optimized in 1,349 ms.
Compiling file mandelbrot-control.mnd
  1019 instructions before optimizations.
   137 instructions eliminated by Temp Variables Elimination.
    88 instructions eliminated by Dead Code Elimination (8 iterations).
     7 instructions eliminated by Jump Normalization (2 passes, 5 iterations).
    29 instructions eliminated by Jump Optimization (5 iterations).
    45 instructions eliminated by Single Step Elimination (2 passes, 7 iterations).
    75 instructions modified by Expression Optimization (3 iterations).
  1256 instructions eliminated by Data Flow Optimization (5 passes, 25 iterations).
     3 instructions eliminated by Loop Optimization (3 iterations).
     5 loops improved by Loop Optimization.
  1355 instructions added by Loop Unrolling (6 iterations).
     3 loops unrolled by Loop Unrolling.
     8 instructions updated by JumpThreading.
    22 instructions eliminated by Unreachable Code Elimination (2 iterations).
    55 instructions eliminated by Print Merging.
   732 instructions after optimizations.

Pass 1: speed optimization selection (cost limit 1039):
    Unroll loop at line 296:5                                    size  +679, benefit     3150.0, efficiency      4.639
    Unroll loop at line 111:13                                   size  +173, benefit    55625.0, efficiency    321.532
  * Unroll loop at line 119:13                                   size  +172, benefit   110000.0, efficiency    639.535 (+172 instructions)

Pass 1: speed optimization selection (cost limit 867):
    Unroll loop at line 296:5                                    size  +679, benefit     3150.0, efficiency      4.639
  * Unroll loop at line 111:13                                   size  +173, benefit    55625.0, efficiency    321.532 (+173 instructions)

Pass 1: speed optimization selection (cost limit 694):
  * Unroll loop at line 296:5                                    size  +679, benefit     3150.0, efficiency      4.639 (+109 instructions)

Performance: parsed in 67 ms, compiled in 23 ms, optimized in 738 ms.
Created schematic 'Mandelbrot Generator' with dimensions (20, 16).

Created schematic was copied to the clipboard.
